<?xml version="1.0" encoding="UTF-8"?>
<!-- Generated by org.testng.reporters.JUnitReportReporter -->
<testsuite hostname="1-duypham2-u" failures="0" tests="4" name="testcases.com_wordpress_post.Post_00_LoginToAdminPage" time="2.561" errors="0" timestamp="2023-06-04T16:50:35 ICT" skipped="0">
  <testcase classname="testcases.com_wordpress_post.Post_00_LoginToAdminPage" name="Login_03_WrongPassword" time="0.129"/>
  <system-out/>
  <testcase classname="testcases.com_wordpress_post.Post_00_LoginToAdminPage" name="Login_04_LoginSucess" time="1.272"/>
  <system-out/>
  <testcase classname="testcases.com_wordpress_post.Post_00_LoginToAdminPage" name="Login_02_NotExist_Username" time="0.562"/>
  <system-out/>
  <testcase classname="testcases.com_wordpress_post.Post_00_LoginToAdminPage" name="Login_01_Empty_Username" time="0.598"/>
  <system-out/>
</testsuite> <!-- testcases.com_wordpress_post.Post_00_LoginToAdminPage -->
