<?xml version="1.0" encoding="UTF-8"?>
<!-- Generated by org.testng.reporters.JUnitReportReporter -->
<testsuite hostname="1-duypham2-u" failures="0" tests="1" name="testcases.com_saulabs_sort.TC_Sort_Asc_Desc" time="21.228" errors="0" timestamp="2023-06-07T18:18:25 ICT" skipped="0">
  <testcase classname="testcases.com_saulabs_sort.TC_Sort_Asc_Desc" name="Post_01_Create_Post" time="21.228"/>
  <system-out/>
</testsuite> <!-- testcases.com_saulabs_sort.TC_Sort_Asc_Desc -->
