<?xml version="1.0" encoding="UTF-8"?>
<!-- Generated by org.testng.reporters.JUnitReportReporter -->
<testsuite hostname="1-duypham2-u" failures="0" tests="5" name="testcases.com_wordpress_post.Post_01_Create_Read_Update_Delete_Search" time="30.038" errors="0" timestamp="2023-06-06T22:55:53 ICT" skipped="0">
  <testcase classname="testcases.com_wordpress_post.Post_01_Create_Read_Update_Delete_Search" name="Post_01_Create_Post" time="8.049"/>
  <system-out/>
  <testcase classname="testcases.com_wordpress_post.Post_01_Create_Read_Update_Delete_Search" name="Post_02_Search_And_View_Post" time="3.608"/>
  <system-out/>
  <testcase classname="testcases.com_wordpress_post.Post_01_Create_Read_Update_Delete_Search" name="Post_05_Delete_Post" time="3.547"/>
  <system-out/>
  <testcase classname="testcases.com_wordpress_post.Post_01_Create_Read_Update_Delete_Search" name="Post_04_Edit_Post" time="14.832"/>
  <system-out/>
  <testcase classname="testcases.com_wordpress_post.Post_01_Create_Read_Update_Delete_Search" name="Post_03_View_Post" time="0.002"/>
  <system-out/>
</testsuite> <!-- testcases.com_wordpress_post.Post_01_Create_Read_Update_Delete_Search -->
