<?xml version="1.0" encoding="UTF-8"?>
<!-- Generated by org.testng.reporters.JUnitReportReporter -->
<testsuite hostname="1-duypham2-u" failures="0" tests="1" name="testcases.com_wordpress_post.Test_02_Verify_user" time="1.241" errors="0" timestamp="2023-06-13T15:09:39 ICT" skipped="0">
  <testcase classname="testcases.com_wordpress_post.Test_02_Verify_user" name="User_01_Verify_Number_User" time="1.241"/>
  <system-out/>
</testsuite> <!-- testcases.com_wordpress_post.Test_02_Verify_user -->
